<?xml version="1.0" encoding="UTF-8"?>
<!-- Generated by org.testng.reporters.JUnitXMLReporter -->
<testsuite ignored="1" hostname="HP" failures="0" tests="1" name="Default test" time="9.457" errors="0" timestamp="2023-01-17T21:56:48 AEDT">
  <testcase classname="com.sydneytrains.testcases.RestAssured_GetPost" name="testGet" time="9.226"/>
  <testcase classname="com.sydneytrains.testcases.RestAssured_GetPost" name="testPost" time="0.0">
    <ignored/>
  </testcase> <!-- testPost -->
</testsuite> <!-- Default test -->
